The system is: Linux - 5.15.32-213.current - x86_64
Compiling the C compiler identification source file "CMakeCCompilerId.c" succeeded.
Compiler: /usr/bin/cc 
Build flags: 
Id flags:  

The output was:
0


Compilation of the C compiler identification source "CMakeCCompilerId.c" produced "a.out"

The C compiler identification is GNU, found in "/home/liptonleon/git/telekomuna/zad2/cmake-build-debug/CMakeFiles/3.21.1/CompilerIdC/a.out"

Compiling the CXX compiler identification source file "CMakeCXXCompilerId.cpp" succeeded.
Compiler: /usr/bin/c++ 
Build flags: 
Id flags:  

The output was:
0


Compilation of the CXX compiler identification source "CMakeCXXCompilerId.cpp" produced "a.out"

The CXX compiler identification is GNU, found in "/home/liptonleon/git/telekomuna/zad2/cmake-build-debug/CMakeFiles/3.21.1/CompilerIdCXX/a.out"

Detecting C compiler ABI info compiled with the following output:
Change Dir: /home/liptonleon/git/telekomuna/zad2/cmake-build-debug/CMakeFiles/CMakeTmp

Run Build Command(s):/home/liptonleon/.local/share/JetBrains/Toolbox/apps/CLion/ch-0/213.7172.20/bin/ninja/linux/ninja cmTC_ef7c8 && [1/2] Building C object CMakeFiles/cmTC_ef7c8.dir/CMakeCCompilerABI.c.o
Using built-in specs.
COLLECT_GCC=/usr/bin/cc
Target: x86_64-solus-linux
Configured with: ../configure --prefix=/usr --with-pkgversion=Solus --libdir=/usr/lib64 --libexecdir=/usr/lib64 --with-system-zlib --enable-cet --enable-default-pie --enable-default-ssp --enable-lto --enable-shared --enable-threads=posix --enable-gnu-indirect-function --enable-__cxa_atexit --enable-plugin --enable-gold --enable-ld=default --enable-clocale=gnu --enable-multilib --with-multilib-list=m32,m64 --with-gcc-major-version-only --with-bugurl=https://dev.getsol.us/ --with-build-config=bootstrap-lto-lean --with-arch_32=i686 --enable-linker-build-id --with-linker-hash-style=gnu --with-gnu-ld --build=x86_64-solus-linux --target=x86_64-solus-linux --enable-languages=c,c++,fortran
Thread model: posix
Supported LTO compression algorithms: zlib zstd
gcc version 11.2.0 (Solus) 
COLLECT_GCC_OPTIONS='-v' '-o' 'CMakeFiles/cmTC_ef7c8.dir/CMakeCCompilerABI.c.o' '-c' '-mtune=generic' '-march=x86-64' '-dumpdir' 'CMakeFiles/cmTC_ef7c8.dir/'
 /usr/lib64/gcc/x86_64-solus-linux/11/cc1 -quiet -v /home/liptonleon/.local/share/JetBrains/Toolbox/apps/CLion/ch-0/213.7172.20/bin/cmake/linux/share/cmake-3.21/Modules/CMakeCCompilerABI.c -quiet -dumpdir CMakeFiles/cmTC_ef7c8.dir/ -dumpbase CMakeCCompilerABI.c.c -dumpbase-ext .c -mtune=generic -march=x86-64 -version -o /tmp/cc8XG3hE.s
GNU C17 (Solus) version 11.2.0 (x86_64-solus-linux)
	compiled by GNU C version 11.2.0, GMP version 6.2.1, MPFR version 4.1.0, MPC version 1.2.1, isl version isl-0.24-GMP

GGC heuristics: --param ggc-min-expand=100 --param ggc-min-heapsize=131072
ignoring nonexistent directory "/usr/local/include"
ignoring nonexistent directory "/usr/lib64/gcc/x86_64-solus-linux/11/../../../../x86_64-solus-linux/include"
#include "..." search starts here:
#include <...> search starts here:
 /usr/lib64/gcc/x86_64-solus-linux/11/include
 /usr/lib64/gcc/x86_64-solus-linux/11/include-fixed
 /usr/include
End of search list.
GNU C17 (Solus) version 11.2.0 (x86_64-solus-linux)
	compiled by GNU C version 11.2.0, GMP version 6.2.1, MPFR version 4.1.0, MPC version 1.2.1, isl version isl-0.24-GMP

GGC heuristics: --param ggc-min-expand=100 --param ggc-min-heapsize=131072
Compiler executable checksum: f93e52825292e12daf0f23c12de828cf
COLLECT_GCC_OPTIONS='-v' '-o' 'CMakeFiles/cmTC_ef7c8.dir/CMakeCCompilerABI.c.o' '-c' '-mtune=generic' '-march=x86-64' '-dumpdir' 'CMakeFiles/cmTC_ef7c8.dir/'
 as -v --64 -o CMakeFiles/cmTC_ef7c8.dir/CMakeCCompilerABI.c.o /tmp/cc8XG3hE.s
GNU assembler version 2.38 (x86_64-solus-linux) using BFD version (GNU Binutils) 2.38
COMPILER_PATH=/usr/lib64/gcc/x86_64-solus-linux/11/:/usr/lib64/gcc/x86_64-solus-linux/11/:/usr/lib64/gcc/x86_64-solus-linux/:/usr/lib64/gcc/x86_64-solus-linux/11/:/usr/lib64/gcc/x86_64-solus-linux/
LIBRARY_PATH=/usr/lib64/gcc/x86_64-solus-linux/11/:/usr/lib64/gcc/x86_64-solus-linux/11/../../../../lib64/:/lib/../lib64/:/usr/lib/../lib64/:/usr/lib64/gcc/x86_64-solus-linux/11/../../../:/lib/:/usr/lib/
COLLECT_GCC_OPTIONS='-v' '-o' 'CMakeFiles/cmTC_ef7c8.dir/CMakeCCompilerABI.c.o' '-c' '-mtune=generic' '-march=x86-64' '-dumpdir' 'CMakeFiles/cmTC_ef7c8.dir/CMakeCCompilerABI.c.'
[2/2] Linking C executable cmTC_ef7c8
Using built-in specs.
COLLECT_GCC=/usr/bin/cc
COLLECT_LTO_WRAPPER=/usr/lib64/gcc/x86_64-solus-linux/11/lto-wrapper
Target: x86_64-solus-linux
Configured with: ../configure --prefix=/usr --with-pkgversion=Solus --libdir=/usr/lib64 --libexecdir=/usr/lib64 --with-system-zlib --enable-cet --enable-default-pie --enable-default-ssp --enable-lto --enable-shared --enable-threads=posix --enable-gnu-indirect-function --enable-__cxa_atexit --enable-plugin --enable-gold --enable-ld=default --enable-clocale=gnu --enable-multilib --with-multilib-list=m32,m64 --with-gcc-major-version-only --with-bugurl=https://dev.getsol.us/ --with-build-config=bootstrap-lto-lean --with-arch_32=i686 --enable-linker-build-id --with-linker-hash-style=gnu --with-gnu-ld --build=x86_64-solus-linux --target=x86_64-solus-linux --enable-languages=c,c++,fortran
Thread model: posix
Supported LTO compression algorithms: zlib zstd
gcc version 11.2.0 (Solus) 
COMPILER_PATH=/usr/lib64/gcc/x86_64-solus-linux/11/:/usr/lib64/gcc/x86_64-solus-linux/11/:/usr/lib64/gcc/x86_64-solus-linux/:/usr/lib64/gcc/x86_64-solus-linux/11/:/usr/lib64/gcc/x86_64-solus-linux/
LIBRARY_PATH=/usr/lib64/gcc/x86_64-solus-linux/11/:/usr/lib64/gcc/x86_64-solus-linux/11/../../../../lib64/:/lib/../lib64/:/usr/lib/../lib64/:/usr/lib64/gcc/x86_64-solus-linux/11/../../../:/lib/:/usr/lib/
COLLECT_GCC_OPTIONS='-v' '-o' 'cmTC_ef7c8' '-mtune=generic' '-march=x86-64' '-dumpdir' 'cmTC_ef7c8.'
 /usr/lib64/gcc/x86_64-solus-linux/11/collect2 -plugin /usr/lib64/gcc/x86_64-solus-linux/11/liblto_plugin.so -plugin-opt=/usr/lib64/gcc/x86_64-solus-linux/11/lto-wrapper -plugin-opt=-fresolution=/tmp/cchXcX76.res -plugin-opt=-pass-through=-lgcc -plugin-opt=-pass-through=-lgcc_s -plugin-opt=-pass-through=-lc -plugin-opt=-pass-through=-lgcc -plugin-opt=-pass-through=-lgcc_s --build-id --eh-frame-hdr --hash-style=gnu -m elf_x86_64 -dynamic-linker /usr/lib64/ld-linux-x86-64.so.2 -pie -o cmTC_ef7c8 /usr/lib64/gcc/x86_64-solus-linux/11/../../../../lib64/Scrt1.o /usr/lib64/gcc/x86_64-solus-linux/11/../../../../lib64/crti.o /usr/lib64/gcc/x86_64-solus-linux/11/crtbeginS.o -L/usr/lib64/gcc/x86_64-solus-linux/11 -L/usr/lib64/gcc/x86_64-solus-linux/11/../../../../lib64 -L/lib/../lib64 -L/usr/lib/../lib64 -L/usr/lib64/gcc/x86_64-solus-linux/11/../../.. CMakeFiles/cmTC_ef7c8.dir/CMakeCCompilerABI.c.o -lgcc --push-state --as-needed -lgcc_s --pop-state -lc -lgcc --push-state --as-needed -lgcc_s --pop-state /usr/lib64/gcc/x86_64-solus-linux/11/crtendS.o /usr/lib64/gcc/x86_64-solus-linux/11/../../../../lib64/crtn.o
COLLECT_GCC_OPTIONS='-v' '-o' 'cmTC_ef7c8' '-mtune=generic' '-march=x86-64' '-dumpdir' 'cmTC_ef7c8.'



Parsed C implicit include dir info from above output: rv=done
  found start of include info
  found start of implicit include info
    add: [/usr/lib64/gcc/x86_64-solus-linux/11/include]
    add: [/usr/lib64/gcc/x86_64-solus-linux/11/include-fixed]
    add: [/usr/include]
  end of search list found
  collapse include dir [/usr/lib64/gcc/x86_64-solus-linux/11/include] ==> [/usr/lib64/gcc/x86_64-solus-linux/11/include]
  collapse include dir [/usr/lib64/gcc/x86_64-solus-linux/11/include-fixed] ==> [/usr/lib64/gcc/x86_64-solus-linux/11/include-fixed]
  collapse include dir [/usr/include] ==> [/usr/include]
  implicit include dirs: [/usr/lib64/gcc/x86_64-solus-linux/11/include;/usr/lib64/gcc/x86_64-solus-linux/11/include-fixed;/usr/include]


Parsed C implicit link information from above output:
  link line regex: [^( *|.*[/\])(ld|CMAKE_LINK_STARTFILE-NOTFOUND|([^/\]+-)?ld|collect2)[^/\]*( |$)]
  ignore line: [Change Dir: /home/liptonleon/git/telekomuna/zad2/cmake-build-debug/CMakeFiles/CMakeTmp]
  ignore line: []
  ignore line: [Run Build Command(s):/home/liptonleon/.local/share/JetBrains/Toolbox/apps/CLion/ch-0/213.7172.20/bin/ninja/linux/ninja cmTC_ef7c8 && [1/2] Building C object CMakeFiles/cmTC_ef7c8.dir/CMakeCCompilerABI.c.o]
  ignore line: [Using built-in specs.]
  ignore line: [COLLECT_GCC=/usr/bin/cc]
  ignore line: [Target: x86_64-solus-linux]
  ignore line: [Configured with: ../configure --prefix=/usr --with-pkgversion=Solus --libdir=/usr/lib64 --libexecdir=/usr/lib64 --with-system-zlib --enable-cet --enable-default-pie --enable-default-ssp --enable-lto --enable-shared --enable-threads=posix --enable-gnu-indirect-function --enable-__cxa_atexit --enable-plugin --enable-gold --enable-ld=default --enable-clocale=gnu --enable-multilib --with-multilib-list=m32,m64 --with-gcc-major-version-only --with-bugurl=https://dev.getsol.us/ --with-build-config=bootstrap-lto-lean --with-arch_32=i686 --enable-linker-build-id --with-linker-hash-style=gnu --with-gnu-ld --build=x86_64-solus-linux --target=x86_64-solus-linux --enable-languages=c,c++,fortran]
  ignore line: [Thread model: posix]
  ignore line: [Supported LTO compression algorithms: zlib zstd]
  ignore line: [gcc version 11.2.0 (Solus) ]
  ignore line: [COLLECT_GCC_OPTIONS='-v' '-o' 'CMakeFiles/cmTC_ef7c8.dir/CMakeCCompilerABI.c.o' '-c' '-mtune=generic' '-march=x86-64' '-dumpdir' 'CMakeFiles/cmTC_ef7c8.dir/']
  ignore line: [ /usr/lib64/gcc/x86_64-solus-linux/11/cc1 -quiet -v /home/liptonleon/.local/share/JetBrains/Toolbox/apps/CLion/ch-0/213.7172.20/bin/cmake/linux/share/cmake-3.21/Modules/CMakeCCompilerABI.c -quiet -dumpdir CMakeFiles/cmTC_ef7c8.dir/ -dumpbase CMakeCCompilerABI.c.c -dumpbase-ext .c -mtune=generic -march=x86-64 -version -o /tmp/cc8XG3hE.s]
  ignore line: [GNU C17 (Solus) version 11.2.0 (x86_64-solus-linux)]
  ignore line: [	compiled by GNU C version 11.2.0  GMP version 6.2.1  MPFR version 4.1.0  MPC version 1.2.1  isl version isl-0.24-GMP]
  ignore line: []
  ignore line: [GGC heuristics: --param ggc-min-expand=100 --param ggc-min-heapsize=131072]
  ignore line: [ignoring nonexistent directory "/usr/local/include"]
  ignore line: [ignoring nonexistent directory "/usr/lib64/gcc/x86_64-solus-linux/11/../../../../x86_64-solus-linux/include"]
  ignore line: [#include "..." search starts here:]
  ignore line: [#include <...> search starts here:]
  ignore line: [ /usr/lib64/gcc/x86_64-solus-linux/11/include]
  ignore line: [ /usr/lib64/gcc/x86_64-solus-linux/11/include-fixed]
  ignore line: [ /usr/include]
  ignore line: [End of search list.]
  ignore line: [GNU C17 (Solus) version 11.2.0 (x86_64-solus-linux)]
  ignore line: [	compiled by GNU C version 11.2.0  GMP version 6.2.1  MPFR version 4.1.0  MPC version 1.2.1  isl version isl-0.24-GMP]
  ignore line: []
  ignore line: [GGC heuristics: --param ggc-min-expand=100 --param ggc-min-heapsize=131072]
  ignore line: [Compiler executable checksum: f93e52825292e12daf0f23c12de828cf]
  ignore line: [COLLECT_GCC_OPTIONS='-v' '-o' 'CMakeFiles/cmTC_ef7c8.dir/CMakeCCompilerABI.c.o' '-c' '-mtune=generic' '-march=x86-64' '-dumpdir' 'CMakeFiles/cmTC_ef7c8.dir/']
  ignore line: [ as -v --64 -o CMakeFiles/cmTC_ef7c8.dir/CMakeCCompilerABI.c.o /tmp/cc8XG3hE.s]
  ignore line: [GNU assembler version 2.38 (x86_64-solus-linux) using BFD version (GNU Binutils) 2.38]
  ignore line: [COMPILER_PATH=/usr/lib64/gcc/x86_64-solus-linux/11/:/usr/lib64/gcc/x86_64-solus-linux/11/:/usr/lib64/gcc/x86_64-solus-linux/:/usr/lib64/gcc/x86_64-solus-linux/11/:/usr/lib64/gcc/x86_64-solus-linux/]
  ignore line: [LIBRARY_PATH=/usr/lib64/gcc/x86_64-solus-linux/11/:/usr/lib64/gcc/x86_64-solus-linux/11/../../../../lib64/:/lib/../lib64/:/usr/lib/../lib64/:/usr/lib64/gcc/x86_64-solus-linux/11/../../../:/lib/:/usr/lib/]
  ignore line: [COLLECT_GCC_OPTIONS='-v' '-o' 'CMakeFiles/cmTC_ef7c8.dir/CMakeCCompilerABI.c.o' '-c' '-mtune=generic' '-march=x86-64' '-dumpdir' 'CMakeFiles/cmTC_ef7c8.dir/CMakeCCompilerABI.c.']
  ignore line: [[2/2] Linking C executable cmTC_ef7c8]
  ignore line: [Using built-in specs.]
  ignore line: [COLLECT_GCC=/usr/bin/cc]
  ignore line: [COLLECT_LTO_WRAPPER=/usr/lib64/gcc/x86_64-solus-linux/11/lto-wrapper]
  ignore line: [Target: x86_64-solus-linux]
  ignore line: [Configured with: ../configure --prefix=/usr --with-pkgversion=Solus --libdir=/usr/lib64 --libexecdir=/usr/lib64 --with-system-zlib --enable-cet --enable-default-pie --enable-default-ssp --enable-lto --enable-shared --enable-threads=posix --enable-gnu-indirect-function --enable-__cxa_atexit --enable-plugin --enable-gold --enable-ld=default --enable-clocale=gnu --enable-multilib --with-multilib-list=m32,m64 --with-gcc-major-version-only --with-bugurl=https://dev.getsol.us/ --with-build-config=bootstrap-lto-lean --with-arch_32=i686 --enable-linker-build-id --with-linker-hash-style=gnu --with-gnu-ld --build=x86_64-solus-linux --target=x86_64-solus-linux --enable-languages=c,c++,fortran]
  ignore line: [Thread model: posix]
  ignore line: [Supported LTO compression algorithms: zlib zstd]
  ignore line: [gcc version 11.2.0 (Solus) ]
  ignore line: [COMPILER_PATH=/usr/lib64/gcc/x86_64-solus-linux/11/:/usr/lib64/gcc/x86_64-solus-linux/11/:/usr/lib64/gcc/x86_64-solus-linux/:/usr/lib64/gcc/x86_64-solus-linux/11/:/usr/lib64/gcc/x86_64-solus-linux/]
  ignore line: [LIBRARY_PATH=/usr/lib64/gcc/x86_64-solus-linux/11/:/usr/lib64/gcc/x86_64-solus-linux/11/../../../../lib64/:/lib/../lib64/:/usr/lib/../lib64/:/usr/lib64/gcc/x86_64-solus-linux/11/../../../:/lib/:/usr/lib/]
  ignore line: [COLLECT_GCC_OPTIONS='-v' '-o' 'cmTC_ef7c8' '-mtune=generic' '-march=x86-64' '-dumpdir' 'cmTC_ef7c8.']
  link line: [ /usr/lib64/gcc/x86_64-solus-linux/11/collect2 -plugin /usr/lib64/gcc/x86_64-solus-linux/11/liblto_plugin.so -plugin-opt=/usr/lib64/gcc/x86_64-solus-linux/11/lto-wrapper -plugin-opt=-fresolution=/tmp/cchXcX76.res -plugin-opt=-pass-through=-lgcc -plugin-opt=-pass-through=-lgcc_s -plugin-opt=-pass-through=-lc -plugin-opt=-pass-through=-lgcc -plugin-opt=-pass-through=-lgcc_s --build-id --eh-frame-hdr --hash-style=gnu -m elf_x86_64 -dynamic-linker /usr/lib64/ld-linux-x86-64.so.2 -pie -o cmTC_ef7c8 /usr/lib64/gcc/x86_64-solus-linux/11/../../../../lib64/Scrt1.o /usr/lib64/gcc/x86_64-solus-linux/11/../../../../lib64/crti.o /usr/lib64/gcc/x86_64-solus-linux/11/crtbeginS.o -L/usr/lib64/gcc/x86_64-solus-linux/11 -L/usr/lib64/gcc/x86_64-solus-linux/11/../../../../lib64 -L/lib/../lib64 -L/usr/lib/../lib64 -L/usr/lib64/gcc/x86_64-solus-linux/11/../../.. CMakeFiles/cmTC_ef7c8.dir/CMakeCCompilerABI.c.o -lgcc --push-state --as-needed -lgcc_s --pop-state -lc -lgcc --push-state --as-needed -lgcc_s --pop-state /usr/lib64/gcc/x86_64-solus-linux/11/crtendS.o /usr/lib64/gcc/x86_64-solus-linux/11/../../../../lib64/crtn.o]
    arg [/usr/lib64/gcc/x86_64-solus-linux/11/collect2] ==> ignore
    arg [-plugin] ==> ignore
    arg [/usr/lib64/gcc/x86_64-solus-linux/11/liblto_plugin.so] ==> ignore
    arg [-plugin-opt=/usr/lib64/gcc/x86_64-solus-linux/11/lto-wrapper] ==> ignore
    arg [-plugin-opt=-fresolution=/tmp/cchXcX76.res] ==> ignore
    arg [-plugin-opt=-pass-through=-lgcc] ==> ignore
    arg [-plugin-opt=-pass-through=-lgcc_s] ==> ignore
    arg [-plugin-opt=-pass-through=-lc] ==> ignore
    arg [-plugin-opt=-pass-through=-lgcc] ==> ignore
    arg [-plugin-opt=-pass-through=-lgcc_s] ==> ignore
    arg [--build-id] ==> ignore
    arg [--eh-frame-hdr] ==> ignore
    arg [--hash-style=gnu] ==> ignore
    arg [-m] ==> ignore
    arg [elf_x86_64] ==> ignore
    arg [-dynamic-linker] ==> ignore
    arg [/usr/lib64/ld-linux-x86-64.so.2] ==> ignore
    arg [-pie] ==> ignore
    arg [-o] ==> ignore
    arg [cmTC_ef7c8] ==> ignore
    arg [/usr/lib64/gcc/x86_64-solus-linux/11/../../../../lib64/Scrt1.o] ==> obj [/usr/lib64/gcc/x86_64-solus-linux/11/../../../../lib64/Scrt1.o]
    arg [/usr/lib64/gcc/x86_64-solus-linux/11/../../../../lib64/crti.o] ==> obj [/usr/lib64/gcc/x86_64-solus-linux/11/../../../../lib64/crti.o]
    arg [/usr/lib64/gcc/x86_64-solus-linux/11/crtbeginS.o] ==> obj [/usr/lib64/gcc/x86_64-solus-linux/11/crtbeginS.o]
    arg [-L/usr/lib64/gcc/x86_64-solus-linux/11] ==> dir [/usr/lib64/gcc/x86_64-solus-linux/11]
    arg [-L/usr/lib64/gcc/x86_64-solus-linux/11/../../../../lib64] ==> dir [/usr/lib64/gcc/x86_64-solus-linux/11/../../../../lib64]
    arg [-L/lib/../lib64] ==> dir [/lib/../lib64]
    arg [-L/usr/lib/../lib64] ==> dir [/usr/lib/../lib64]
    arg [-L/usr/lib64/gcc/x86_64-solus-linux/11/../../..] ==> dir [/usr/lib64/gcc/x86_64-solus-linux/11/../../..]
    arg [CMakeFiles/cmTC_ef7c8.dir/CMakeCCompilerABI.c.o] ==> ignore
    arg [-lgcc] ==> lib [gcc]
    arg [--push-state] ==> ignore
    arg [--as-needed] ==> ignore
    arg [-lgcc_s] ==> lib [gcc_s]
    arg [--pop-state] ==> ignore
    arg [-lc] ==> lib [c]
    arg [-lgcc] ==> lib [gcc]
    arg [--push-state] ==> ignore
    arg [--as-needed] ==> ignore
    arg [-lgcc_s] ==> lib [gcc_s]
    arg [--pop-state] ==> ignore
    arg [/usr/lib64/gcc/x86_64-solus-linux/11/crtendS.o] ==> obj [/usr/lib64/gcc/x86_64-solus-linux/11/crtendS.o]
    arg [/usr/lib64/gcc/x86_64-solus-linux/11/../../../../lib64/crtn.o] ==> obj [/usr/lib64/gcc/x86_64-solus-linux/11/../../../../lib64/crtn.o]
  collapse obj [/usr/lib64/gcc/x86_64-solus-linux/11/../../../../lib64/Scrt1.o] ==> [/usr/lib64/Scrt1.o]
  collapse obj [/usr/lib64/gcc/x86_64-solus-linux/11/../../../../lib64/crti.o] ==> [/usr/lib64/crti.o]
  collapse obj [/usr/lib64/gcc/x86_64-solus-linux/11/../../../../lib64/crtn.o] ==> [/usr/lib64/crtn.o]
  collapse library dir [/usr/lib64/gcc/x86_64-solus-linux/11] ==> [/usr/lib64/gcc/x86_64-solus-linux/11]
  collapse library dir [/usr/lib64/gcc/x86_64-solus-linux/11/../../../../lib64] ==> [/usr/lib64]
  collapse library dir [/lib/../lib64] ==> [/lib64]
  collapse library dir [/usr/lib/../lib64] ==> [/usr/lib64]
  collapse library dir [/usr/lib64/gcc/x86_64-solus-linux/11/../../..] ==> [/usr/lib64]
  implicit libs: [gcc;gcc_s;c;gcc;gcc_s]
  implicit objs: [/usr/lib64/Scrt1.o;/usr/lib64/crti.o;/usr/lib64/gcc/x86_64-solus-linux/11/crtbeginS.o;/usr/lib64/gcc/x86_64-solus-linux/11/crtendS.o;/usr/lib64/crtn.o]
  implicit dirs: [/usr/lib64/gcc/x86_64-solus-linux/11;/usr/lib64;/lib64]
  implicit fwks: []


Detecting CXX compiler ABI info compiled with the following output:
Change Dir: /home/liptonleon/git/telekomuna/zad2/cmake-build-debug/CMakeFiles/CMakeTmp

Run Build Command(s):/home/liptonleon/.local/share/JetBrains/Toolbox/apps/CLion/ch-0/213.7172.20/bin/ninja/linux/ninja cmTC_4a303 && [1/2] Building CXX object CMakeFiles/cmTC_4a303.dir/CMakeCXXCompilerABI.cpp.o
Using built-in specs.
COLLECT_GCC=/usr/bin/c++
Target: x86_64-solus-linux
Configured with: ../configure --prefix=/usr --with-pkgversion=Solus --libdir=/usr/lib64 --libexecdir=/usr/lib64 --with-system-zlib --enable-cet --enable-default-pie --enable-default-ssp --enable-lto --enable-shared --enable-threads=posix --enable-gnu-indirect-function --enable-__cxa_atexit --enable-plugin --enable-gold --enable-ld=default --enable-clocale=gnu --enable-multilib --with-multilib-list=m32,m64 --with-gcc-major-version-only --with-bugurl=https://dev.getsol.us/ --with-build-config=bootstrap-lto-lean --with-arch_32=i686 --enable-linker-build-id --with-linker-hash-style=gnu --with-gnu-ld --build=x86_64-solus-linux --target=x86_64-solus-linux --enable-languages=c,c++,fortran
Thread model: posix
Supported LTO compression algorithms: zlib zstd
gcc version 11.2.0 (Solus) 
COLLECT_GCC_OPTIONS='-v' '-o' 'CMakeFiles/cmTC_4a303.dir/CMakeCXXCompilerABI.cpp.o' '-c' '-shared-libgcc' '-mtune=generic' '-march=x86-64' '-dumpdir' 'CMakeFiles/cmTC_4a303.dir/'
 /usr/lib64/gcc/x86_64-solus-linux/11/cc1plus -quiet -v -D_GNU_SOURCE /home/liptonleon/.local/share/JetBrains/Toolbox/apps/CLion/ch-0/213.7172.20/bin/cmake/linux/share/cmake-3.21/Modules/CMakeCXXCompilerABI.cpp -quiet -dumpdir CMakeFiles/cmTC_4a303.dir/ -dumpbase CMakeCXXCompilerABI.cpp.cpp -dumpbase-ext .cpp -mtune=generic -march=x86-64 -version -o /tmp/ccJuCEoW.s
GNU C++17 (Solus) version 11.2.0 (x86_64-solus-linux)
	compiled by GNU C version 11.2.0, GMP version 6.2.1, MPFR version 4.1.0, MPC version 1.2.1, isl version isl-0.24-GMP

GGC heuristics: --param ggc-min-expand=100 --param ggc-min-heapsize=131072
ignoring nonexistent directory "/usr/local/include"
ignoring nonexistent directory "/usr/lib64/gcc/x86_64-solus-linux/11/../../../../x86_64-solus-linux/include"
#include "..." search starts here:
#include <...> search starts here:
 /usr/lib64/gcc/x86_64-solus-linux/11/../../../../include/c++/11
 /usr/lib64/gcc/x86_64-solus-linux/11/../../../../include/c++/11/x86_64-solus-linux
 /usr/lib64/gcc/x86_64-solus-linux/11/../../../../include/c++/11/backward
 /usr/lib64/gcc/x86_64-solus-linux/11/include
 /usr/lib64/gcc/x86_64-solus-linux/11/include-fixed
 /usr/include
End of search list.
GNU C++17 (Solus) version 11.2.0 (x86_64-solus-linux)
	compiled by GNU C version 11.2.0, GMP version 6.2.1, MPFR version 4.1.0, MPC version 1.2.1, isl version isl-0.24-GMP

GGC heuristics: --param ggc-min-expand=100 --param ggc-min-heapsize=131072
Compiler executable checksum: 958b006f6176267bc44ca122929ead84
COLLECT_GCC_OPTIONS='-v' '-o' 'CMakeFiles/cmTC_4a303.dir/CMakeCXXCompilerABI.cpp.o' '-c' '-shared-libgcc' '-mtune=generic' '-march=x86-64' '-dumpdir' 'CMakeFiles/cmTC_4a303.dir/'
 as -v --64 -o CMakeFiles/cmTC_4a303.dir/CMakeCXXCompilerABI.cpp.o /tmp/ccJuCEoW.s
GNU assembler version 2.38 (x86_64-solus-linux) using BFD version (GNU Binutils) 2.38
COMPILER_PATH=/usr/lib64/gcc/x86_64-solus-linux/11/:/usr/lib64/gcc/x86_64-solus-linux/11/:/usr/lib64/gcc/x86_64-solus-linux/:/usr/lib64/gcc/x86_64-solus-linux/11/:/usr/lib64/gcc/x86_64-solus-linux/
LIBRARY_PATH=/usr/lib64/gcc/x86_64-solus-linux/11/:/usr/lib64/gcc/x86_64-solus-linux/11/../../../../lib64/:/lib/../lib64/:/usr/lib/../lib64/:/usr/lib64/gcc/x86_64-solus-linux/11/../../../:/lib/:/usr/lib/
COLLECT_GCC_OPTIONS='-v' '-o' 'CMakeFiles/cmTC_4a303.dir/CMakeCXXCompilerABI.cpp.o' '-c' '-shared-libgcc' '-mtune=generic' '-march=x86-64' '-dumpdir' 'CMakeFiles/cmTC_4a303.dir/CMakeCXXCompilerABI.cpp.'
[2/2] Linking CXX executable cmTC_4a303
Using built-in specs.
COLLECT_GCC=/usr/bin/c++
COLLECT_LTO_WRAPPER=/usr/lib64/gcc/x86_64-solus-linux/11/lto-wrapper
Target: x86_64-solus-linux
Configured with: ../configure --prefix=/usr --with-pkgversion=Solus --libdir=/usr/lib64 --libexecdir=/usr/lib64 --with-system-zlib --enable-cet --enable-default-pie --enable-default-ssp --enable-lto --enable-shared --enable-threads=posix --enable-gnu-indirect-function --enable-__cxa_atexit --enable-plugin --enable-gold --enable-ld=default --enable-clocale=gnu --enable-multilib --with-multilib-list=m32,m64 --with-gcc-major-version-only --with-bugurl=https://dev.getsol.us/ --with-build-config=bootstrap-lto-lean --with-arch_32=i686 --enable-linker-build-id --with-linker-hash-style=gnu --with-gnu-ld --build=x86_64-solus-linux --target=x86_64-solus-linux --enable-languages=c,c++,fortran
Thread model: posix
Supported LTO compression algorithms: zlib zstd
gcc version 11.2.0 (Solus) 
COMPILER_PATH=/usr/lib64/gcc/x86_64-solus-linux/11/:/usr/lib64/gcc/x86_64-solus-linux/11/:/usr/lib64/gcc/x86_64-solus-linux/:/usr/lib64/gcc/x86_64-solus-linux/11/:/usr/lib64/gcc/x86_64-solus-linux/
LIBRARY_PATH=/usr/lib64/gcc/x86_64-solus-linux/11/:/usr/lib64/gcc/x86_64-solus-linux/11/../../../../lib64/:/lib/../lib64/:/usr/lib/../lib64/:/usr/lib64/gcc/x86_64-solus-linux/11/../../../:/lib/:/usr/lib/
COLLECT_GCC_OPTIONS='-v' '-o' 'cmTC_4a303' '-shared-libgcc' '-mtune=generic' '-march=x86-64' '-dumpdir' 'cmTC_4a303.'
 /usr/lib64/gcc/x86_64-solus-linux/11/collect2 -plugin /usr/lib64/gcc/x86_64-solus-linux/11/liblto_plugin.so -plugin-opt=/usr/lib64/gcc/x86_64-solus-linux/11/lto-wrapper -plugin-opt=-fresolution=/tmp/ccyrDAwF.res -plugin-opt=-pass-through=-lgcc_s -plugin-opt=-pass-through=-lgcc -plugin-opt=-pass-through=-lc -plugin-opt=-pass-through=-lgcc_s -plugin-opt=-pass-through=-lgcc --build-id --eh-frame-hdr --hash-style=gnu -m elf_x86_64 -dynamic-linker /usr/lib64/ld-linux-x86-64.so.2 -pie -o cmTC_4a303 /usr/lib64/gcc/x86_64-solus-linux/11/../../../../lib64/Scrt1.o /usr/lib64/gcc/x86_64-solus-linux/11/../../../../lib64/crti.o /usr/lib64/gcc/x86_64-solus-linux/11/crtbeginS.o -L/usr/lib64/gcc/x86_64-solus-linux/11 -L/usr/lib64/gcc/x86_64-solus-linux/11/../../../../lib64 -L/lib/../lib64 -L/usr/lib/../lib64 -L/usr/lib64/gcc/x86_64-solus-linux/11/../../.. CMakeFiles/cmTC_4a303.dir/CMakeCXXCompilerABI.cpp.o -lstdc++ -lm -lgcc_s -lgcc -lc -lgcc_s -lgcc /usr/lib64/gcc/x86_64-solus-linux/11/crtendS.o /usr/lib64/gcc/x86_64-solus-linux/11/../../../../lib64/crtn.o
COLLECT_GCC_OPTIONS='-v' '-o' 'cmTC_4a303' '-shared-libgcc' '-mtune=generic' '-march=x86-64' '-dumpdir' 'cmTC_4a303.'



Parsed CXX implicit include dir info from above output: rv=done
  found start of include info
  found start of implicit include info
    add: [/usr/lib64/gcc/x86_64-solus-linux/11/../../../../include/c++/11]
    add: [/usr/lib64/gcc/x86_64-solus-linux/11/../../../../include/c++/11/x86_64-solus-linux]
    add: [/usr/lib64/gcc/x86_64-solus-linux/11/../../../../include/c++/11/backward]
    add: [/usr/lib64/gcc/x86_64-solus-linux/11/include]
    add: [/usr/lib64/gcc/x86_64-solus-linux/11/include-fixed]
    add: [/usr/include]
  end of search list found
  collapse include dir [/usr/lib64/gcc/x86_64-solus-linux/11/../../../../include/c++/11] ==> [/usr/include/c++/11]
  collapse include dir [/usr/lib64/gcc/x86_64-solus-linux/11/../../../../include/c++/11/x86_64-solus-linux] ==> [/usr/include/c++/11/x86_64-solus-linux]
  collapse include dir [/usr/lib64/gcc/x86_64-solus-linux/11/../../../../include/c++/11/backward] ==> [/usr/include/c++/11/backward]
  collapse include dir [/usr/lib64/gcc/x86_64-solus-linux/11/include] ==> [/usr/lib64/gcc/x86_64-solus-linux/11/include]
  collapse include dir [/usr/lib64/gcc/x86_64-solus-linux/11/include-fixed] ==> [/usr/lib64/gcc/x86_64-solus-linux/11/include-fixed]
  collapse include dir [/usr/include] ==> [/usr/include]
  implicit include dirs: [/usr/include/c++/11;/usr/include/c++/11/x86_64-solus-linux;/usr/include/c++/11/backward;/usr/lib64/gcc/x86_64-solus-linux/11/include;/usr/lib64/gcc/x86_64-solus-linux/11/include-fixed;/usr/include]


Parsed CXX implicit link information from above output:
  link line regex: [^( *|.*[/\])(ld|CMAKE_LINK_STARTFILE-NOTFOUND|([^/\]+-)?ld|collect2)[^/\]*( |$)]
  ignore line: [Change Dir: /home/liptonleon/git/telekomuna/zad2/cmake-build-debug/CMakeFiles/CMakeTmp]
  ignore line: []
  ignore line: [Run Build Command(s):/home/liptonleon/.local/share/JetBrains/Toolbox/apps/CLion/ch-0/213.7172.20/bin/ninja/linux/ninja cmTC_4a303 && [1/2] Building CXX object CMakeFiles/cmTC_4a303.dir/CMakeCXXCompilerABI.cpp.o]
  ignore line: [Using built-in specs.]
  ignore line: [COLLECT_GCC=/usr/bin/c++]
  ignore line: [Target: x86_64-solus-linux]
  ignore line: [Configured with: ../configure --prefix=/usr --with-pkgversion=Solus --libdir=/usr/lib64 --libexecdir=/usr/lib64 --with-system-zlib --enable-cet --enable-default-pie --enable-default-ssp --enable-lto --enable-shared --enable-threads=posix --enable-gnu-indirect-function --enable-__cxa_atexit --enable-plugin --enable-gold --enable-ld=default --enable-clocale=gnu --enable-multilib --with-multilib-list=m32,m64 --with-gcc-major-version-only --with-bugurl=https://dev.getsol.us/ --with-build-config=bootstrap-lto-lean --with-arch_32=i686 --enable-linker-build-id --with-linker-hash-style=gnu --with-gnu-ld --build=x86_64-solus-linux --target=x86_64-solus-linux --enable-languages=c,c++,fortran]
  ignore line: [Thread model: posix]
  ignore line: [Supported LTO compression algorithms: zlib zstd]
  ignore line: [gcc version 11.2.0 (Solus) ]
  ignore line: [COLLECT_GCC_OPTIONS='-v' '-o' 'CMakeFiles/cmTC_4a303.dir/CMakeCXXCompilerABI.cpp.o' '-c' '-shared-libgcc' '-mtune=generic' '-march=x86-64' '-dumpdir' 'CMakeFiles/cmTC_4a303.dir/']
  ignore line: [ /usr/lib64/gcc/x86_64-solus-linux/11/cc1plus -quiet -v -D_GNU_SOURCE /home/liptonleon/.local/share/JetBrains/Toolbox/apps/CLion/ch-0/213.7172.20/bin/cmake/linux/share/cmake-3.21/Modules/CMakeCXXCompilerABI.cpp -quiet -dumpdir CMakeFiles/cmTC_4a303.dir/ -dumpbase CMakeCXXCompilerABI.cpp.cpp -dumpbase-ext .cpp -mtune=generic -march=x86-64 -version -o /tmp/ccJuCEoW.s]
  ignore line: [GNU C++17 (Solus) version 11.2.0 (x86_64-solus-linux)]
  ignore line: [	compiled by GNU C version 11.2.0  GMP version 6.2.1  MPFR version 4.1.0  MPC version 1.2.1  isl version isl-0.24-GMP]
  ignore line: []
  ignore line: [GGC heuristics: --param ggc-min-expand=100 --param ggc-min-heapsize=131072]
  ignore line: [ignoring nonexistent directory "/usr/local/include"]
  ignore line: [ignoring nonexistent directory "/usr/lib64/gcc/x86_64-solus-linux/11/../../../../x86_64-solus-linux/include"]
  ignore line: [#include "..." search starts here:]
  ignore line: [#include <...> search starts here:]
  ignore line: [ /usr/lib64/gcc/x86_64-solus-linux/11/../../../../include/c++/11]
  ignore line: [ /usr/lib64/gcc/x86_64-solus-linux/11/../../../../include/c++/11/x86_64-solus-linux]
  ignore line: [ /usr/lib64/gcc/x86_64-solus-linux/11/../../../../include/c++/11/backward]
  ignore line: [ /usr/lib64/gcc/x86_64-solus-linux/11/include]
  ignore line: [ /usr/lib64/gcc/x86_64-solus-linux/11/include-fixed]
  ignore line: [ /usr/include]
  ignore line: [End of search list.]
  ignore line: [GNU C++17 (Solus) version 11.2.0 (x86_64-solus-linux)]
  ignore line: [	compiled by GNU C version 11.2.0  GMP version 6.2.1  MPFR version 4.1.0  MPC version 1.2.1  isl version isl-0.24-GMP]
  ignore line: []
  ignore line: [GGC heuristics: --param ggc-min-expand=100 --param ggc-min-heapsize=131072]
  ignore line: [Compiler executable checksum: 958b006f6176267bc44ca122929ead84]
  ignore line: [COLLECT_GCC_OPTIONS='-v' '-o' 'CMakeFiles/cmTC_4a303.dir/CMakeCXXCompilerABI.cpp.o' '-c' '-shared-libgcc' '-mtune=generic' '-march=x86-64' '-dumpdir' 'CMakeFiles/cmTC_4a303.dir/']
  ignore line: [ as -v --64 -o CMakeFiles/cmTC_4a303.dir/CMakeCXXCompilerABI.cpp.o /tmp/ccJuCEoW.s]
  ignore line: [GNU assembler version 2.38 (x86_64-solus-linux) using BFD version (GNU Binutils) 2.38]
  ignore line: [COMPILER_PATH=/usr/lib64/gcc/x86_64-solus-linux/11/:/usr/lib64/gcc/x86_64-solus-linux/11/:/usr/lib64/gcc/x86_64-solus-linux/:/usr/lib64/gcc/x86_64-solus-linux/11/:/usr/lib64/gcc/x86_64-solus-linux/]
  ignore line: [LIBRARY_PATH=/usr/lib64/gcc/x86_64-solus-linux/11/:/usr/lib64/gcc/x86_64-solus-linux/11/../../../../lib64/:/lib/../lib64/:/usr/lib/../lib64/:/usr/lib64/gcc/x86_64-solus-linux/11/../../../:/lib/:/usr/lib/]
  ignore line: [COLLECT_GCC_OPTIONS='-v' '-o' 'CMakeFiles/cmTC_4a303.dir/CMakeCXXCompilerABI.cpp.o' '-c' '-shared-libgcc' '-mtune=generic' '-march=x86-64' '-dumpdir' 'CMakeFiles/cmTC_4a303.dir/CMakeCXXCompilerABI.cpp.']
  ignore line: [[2/2] Linking CXX executable cmTC_4a303]
  ignore line: [Using built-in specs.]
  ignore line: [COLLECT_GCC=/usr/bin/c++]
  ignore line: [COLLECT_LTO_WRAPPER=/usr/lib64/gcc/x86_64-solus-linux/11/lto-wrapper]
  ignore line: [Target: x86_64-solus-linux]
  ignore line: [Configured with: ../configure --prefix=/usr --with-pkgversion=Solus --libdir=/usr/lib64 --libexecdir=/usr/lib64 --with-system-zlib --enable-cet --enable-default-pie --enable-default-ssp --enable-lto --enable-shared --enable-threads=posix --enable-gnu-indirect-function --enable-__cxa_atexit --enable-plugin --enable-gold --enable-ld=default --enable-clocale=gnu --enable-multilib --with-multilib-list=m32,m64 --with-gcc-major-version-only --with-bugurl=https://dev.getsol.us/ --with-build-config=bootstrap-lto-lean --with-arch_32=i686 --enable-linker-build-id --with-linker-hash-style=gnu --with-gnu-ld --build=x86_64-solus-linux --target=x86_64-solus-linux --enable-languages=c,c++,fortran]
  ignore line: [Thread model: posix]
  ignore line: [Supported LTO compression algorithms: zlib zstd]
  ignore line: [gcc version 11.2.0 (Solus) ]
  ignore line: [COMPILER_PATH=/usr/lib64/gcc/x86_64-solus-linux/11/:/usr/lib64/gcc/x86_64-solus-linux/11/:/usr/lib64/gcc/x86_64-solus-linux/:/usr/lib64/gcc/x86_64-solus-linux/11/:/usr/lib64/gcc/x86_64-solus-linux/]
  ignore line: [LIBRARY_PATH=/usr/lib64/gcc/x86_64-solus-linux/11/:/usr/lib64/gcc/x86_64-solus-linux/11/../../../../lib64/:/lib/../lib64/:/usr/lib/../lib64/:/usr/lib64/gcc/x86_64-solus-linux/11/../../../:/lib/:/usr/lib/]
  ignore line: [COLLECT_GCC_OPTIONS='-v' '-o' 'cmTC_4a303' '-shared-libgcc' '-mtune=generic' '-march=x86-64' '-dumpdir' 'cmTC_4a303.']
  link line: [ /usr/lib64/gcc/x86_64-solus-linux/11/collect2 -plugin /usr/lib64/gcc/x86_64-solus-linux/11/liblto_plugin.so -plugin-opt=/usr/lib64/gcc/x86_64-solus-linux/11/lto-wrapper -plugin-opt=-fresolution=/tmp/ccyrDAwF.res -plugin-opt=-pass-through=-lgcc_s -plugin-opt=-pass-through=-lgcc -plugin-opt=-pass-through=-lc -plugin-opt=-pass-through=-lgcc_s -plugin-opt=-pass-through=-lgcc --build-id --eh-frame-hdr --hash-style=gnu -m elf_x86_64 -dynamic-linker /usr/lib64/ld-linux-x86-64.so.2 -pie -o cmTC_4a303 /usr/lib64/gcc/x86_64-solus-linux/11/../../../../lib64/Scrt1.o /usr/lib64/gcc/x86_64-solus-linux/11/../../../../lib64/crti.o /usr/lib64/gcc/x86_64-solus-linux/11/crtbeginS.o -L/usr/lib64/gcc/x86_64-solus-linux/11 -L/usr/lib64/gcc/x86_64-solus-linux/11/../../../../lib64 -L/lib/../lib64 -L/usr/lib/../lib64 -L/usr/lib64/gcc/x86_64-solus-linux/11/../../.. CMakeFiles/cmTC_4a303.dir/CMakeCXXCompilerABI.cpp.o -lstdc++ -lm -lgcc_s -lgcc -lc -lgcc_s -lgcc /usr/lib64/gcc/x86_64-solus-linux/11/crtendS.o /usr/lib64/gcc/x86_64-solus-linux/11/../../../../lib64/crtn.o]
    arg [/usr/lib64/gcc/x86_64-solus-linux/11/collect2] ==> ignore
    arg [-plugin] ==> ignore
    arg [/usr/lib64/gcc/x86_64-solus-linux/11/liblto_plugin.so] ==> ignore
    arg [-plugin-opt=/usr/lib64/gcc/x86_64-solus-linux/11/lto-wrapper] ==> ignore
    arg [-plugin-opt=-fresolution=/tmp/ccyrDAwF.res] ==> ignore
    arg [-plugin-opt=-pass-through=-lgcc_s] ==> ignore
    arg [-plugin-opt=-pass-through=-lgcc] ==> ignore
    arg [-plugin-opt=-pass-through=-lc] ==> ignore
    arg [-plugin-opt=-pass-through=-lgcc_s] ==> ignore
    arg [-plugin-opt=-pass-through=-lgcc] ==> ignore
    arg [--build-id] ==> ignore
    arg [--eh-frame-hdr] ==> ignore
    arg [--hash-style=gnu] ==> ignore
    arg [-m] ==> ignore
    arg [elf_x86_64] ==> ignore
    arg [-dynamic-linker] ==> ignore
    arg [/usr/lib64/ld-linux-x86-64.so.2] ==> ignore
    arg [-pie] ==> ignore
    arg [-o] ==> ignore
    arg [cmTC_4a303] ==> ignore
    arg [/usr/lib64/gcc/x86_64-solus-linux/11/../../../../lib64/Scrt1.o] ==> obj [/usr/lib64/gcc/x86_64-solus-linux/11/../../../../lib64/Scrt1.o]
    arg [/usr/lib64/gcc/x86_64-solus-linux/11/../../../../lib64/crti.o] ==> obj [/usr/lib64/gcc/x86_64-solus-linux/11/../../../../lib64/crti.o]
    arg [/usr/lib64/gcc/x86_64-solus-linux/11/crtbeginS.o] ==> obj [/usr/lib64/gcc/x86_64-solus-linux/11/crtbeginS.o]
    arg [-L/usr/lib64/gcc/x86_64-solus-linux/11] ==> dir [/usr/lib64/gcc/x86_64-solus-linux/11]
    arg [-L/usr/lib64/gcc/x86_64-solus-linux/11/../../../../lib64] ==> dir [/usr/lib64/gcc/x86_64-solus-linux/11/../../../../lib64]
    arg [-L/lib/../lib64] ==> dir [/lib/../lib64]
    arg [-L/usr/lib/../lib64] ==> dir [/usr/lib/../lib64]
    arg [-L/usr/lib64/gcc/x86_64-solus-linux/11/../../..] ==> dir [/usr/lib64/gcc/x86_64-solus-linux/11/../../..]
    arg [CMakeFiles/cmTC_4a303.dir/CMakeCXXCompilerABI.cpp.o] ==> ignore
    arg [-lstdc++] ==> lib [stdc++]
    arg [-lm] ==> lib [m]
    arg [-lgcc_s] ==> lib [gcc_s]
    arg [-lgcc] ==> lib [gcc]
    arg [-lc] ==> lib [c]
    arg [-lgcc_s] ==> lib [gcc_s]
    arg [-lgcc] ==> lib [gcc]
    arg [/usr/lib64/gcc/x86_64-solus-linux/11/crtendS.o] ==> obj [/usr/lib64/gcc/x86_64-solus-linux/11/crtendS.o]
    arg [/usr/lib64/gcc/x86_64-solus-linux/11/../../../../lib64/crtn.o] ==> obj [/usr/lib64/gcc/x86_64-solus-linux/11/../../../../lib64/crtn.o]
  collapse obj [/usr/lib64/gcc/x86_64-solus-linux/11/../../../../lib64/Scrt1.o] ==> [/usr/lib64/Scrt1.o]
  collapse obj [/usr/lib64/gcc/x86_64-solus-linux/11/../../../../lib64/crti.o] ==> [/usr/lib64/crti.o]
  collapse obj [/usr/lib64/gcc/x86_64-solus-linux/11/../../../../lib64/crtn.o] ==> [/usr/lib64/crtn.o]
  collapse library dir [/usr/lib64/gcc/x86_64-solus-linux/11] ==> [/usr/lib64/gcc/x86_64-solus-linux/11]
  collapse library dir [/usr/lib64/gcc/x86_64-solus-linux/11/../../../../lib64] ==> [/usr/lib64]
  collapse library dir [/lib/../lib64] ==> [/lib64]
  collapse library dir [/usr/lib/../lib64] ==> [/usr/lib64]
  collapse library dir [/usr/lib64/gcc/x86_64-solus-linux/11/../../..] ==> [/usr/lib64]
  implicit libs: [stdc++;m;gcc_s;gcc;c;gcc_s;gcc]
  implicit objs: [/usr/lib64/Scrt1.o;/usr/lib64/crti.o;/usr/lib64/gcc/x86_64-solus-linux/11/crtbeginS.o;/usr/lib64/gcc/x86_64-solus-linux/11/crtendS.o;/usr/lib64/crtn.o]
  implicit dirs: [/usr/lib64/gcc/x86_64-solus-linux/11;/usr/lib64;/lib64]
  implicit fwks: []


